                  tag                   | count 
----------------------------------------+-------
 #coronavirus                           |  1615
 #COVID19                               |   811
 #Coronavirus                           |   224
 #lockdown                              |   135
 #covid19                               |   123
 #vaccine                               |    79
 #Covid                                 |    72
 #WearAMask                             |    69
 #Pandemic                              |    67
 #PresidentAkufoAddoSpeaksOnCoronavirus |    66
 #covid                                 |    64
 #pandemic                              |    63
 #Covid_19                              |    61
 #Lockdown                              |    60
 #COVID                                 |    59
 #Covid19UK                             |    54
 #Quarantine                            |    53
 #Covid19                               |    52
 #CovidVaccine                          |    48
 #covid_19                              |    47
 #DistanceLearning                      |    47
 #Outbreak                              |    47
 #SocialDistanacing                     |    47
 #CoronaVirus                           |    45
 #Florida                               |    39
 #StayHome                              |    39
 #HappyNewYear2021                      |    37
 #Lockdown3                             |    33
 #nationallockdown                      |    33
 #vaccination                           |    31
 #coronavirusuk                         |    30
 #Corona                                |    29
 #IndiaFightsCorona                     |    29
 #NewYear                               |    28
 #COVIDー19                             |    27
 #UnitedStates                          |    27
 #corona                                |    26
 #NewYear2021                           |    25
 #BorisJohnson                          |    24
 #CoronaVaccine                         |    24
 #CoronavirusStrain                     |    24
 #India                                 |    24
 #quarantine                            |    24
 #vaccinations                          |    24
 #india                                 |    23
 #NHS                                   |    23
 #Trump                                 |    22
 #cdnpoli                               |    21
 #London                                |    21
 #lockdownuk                            |    20
 #HimachalPradesh                       |    19
 #StayAtHome                            |    19
 #staysafe                              |    19
 #UKlockdown                            |    18
 #CoronaVirusUpdates                    |    16
 #Japan                                 |    16
 #Avengers                              |    15
 #China                                 |    15
 #cosplay                               |    15
 #COVIDSecondWave                       |    15
 #HappyNewYear                          |    15
 #Marvel                                |    15
 #pandemia                              |    15
 #PeterParker                           |    15
 #schoolsreopening                      |    15
 #SpiderMan                             |    15
 #Spidey                                |    15
 #StaySafe                              |    15
 #superhero                             |    15
 #COVIDIOTS                             |    14
 #Health                                |    14
 #UK                                    |    14
 #covid19tests                          |    13
 #Cyprus                                |    13
 #london                                |    13
 #uspoli                                |    13
 #covid19cyprus                         |    12
 #Cypruscoronavirus                     |    12
 #SARSCoV2                              |    12
 #sundayvibes                           |    12
 #trump                                 |    12
 #Welcome2021                           |    12
 #coronavirustests                      |    11
 #Israel                                |    11
 #level5                                |    11
 #lockdown3                             |    11
 #love                                  |    11
 #Pfizer                                |    11
 #schoolclosures                        |    11
 #virus                                 |    11
 #CapitolRiots                          |    10
 #COVID19DJ                             |    10
 #Cyprusfacemasks                       |    10
 #Djibouti                              |    10
 #FoxNews                               |    10
 #health                                |    10
 #hospital                              |    10
 #Ireland                               |    10
 #Malaysia                              |    10
 #MaskUp                                |    10
 #Mizoram                               |    10
 #Qatar                                 |    10
 #TamilNadu                             |    10
 #uk                                    |    10
 #Unite2FightCorona                     |    10
 #vaccines                              |    10
 #VaccineStrategy                       |    10
 #Weathercloud                          |    10
 #WHO                                   |    10
 #world                                 |    10
 #新型コロナウイルス                    |    10
 #business                              |     9
 #California                            |     9
 #Coronavirusvaccine                    |     9
 #COVID19India                          |     9
 #covid19uk                             |     9
 #HAPPYNEWYEAR                          |     9
 #Healthcare                            |     9
 #Hello2021                             |     9
 #kuwait                                |     9
 #lka                                   |     9
 #morningcommute                        |     9
 #rain                                  |     9
 #SaferAtHome                           |     9
 #stayhome                              |     9
 #TrumpIsACompleteFailure               |     9
 #uae                                   |     9
 #usa                                   |     9
 #USA                                   |     9
 #wednesdaythought                      |     9
 #Arizona                               |     8
 #BestToCheck                           |     8
 #Bihar                                 |     8
 #BREAKING                              |     8
 #Brexit                                |     8
 #burbank                               |     8
 #CoronavirusOutbreak                   |     8
 #CoronavirusPandemic                   |     8
 #Covid19Vaccine                        |     8
 #COVIDIOT                              |     8
 #England                               |     8
 #GoodBye2020                           |     8
 #January2021                           |     8
 #mask                                  |     8
 #NewYork                               |     8
 #Oman                                  |     8
 #Patna                                 |     8
 #Puducherry                            |     8
 #saudi                                 |     8
 #socialdistancing                      |     8
 #travel                                |     8
 #truestory                             |     8
 #Vaccine                               |     8
 #AlKhidr_Is_AllahKabir                 |     7
 #Allah                                 |     7
 #AllahIsGreatest                       |     7
 #Allah_Is_Kabir                        |     7
 #AllahIsSuperPower                     |     7
 #AllahRahamKare                        |     7
 #AllahTheHealer                        |     7
 #AllahuAkbar                           |     7
 #Allahu_akbar_kabir                    |     7
 #AllahuEkber                           |     7
 #art                                   |     7
 #asia                                  |     7
 #astagfirullah                         |     7
 #Biden                                 |     7
 #BreakingNews                          |     7
 #canada                                |     7
 #Casualty                              |     7
 #CoronaIsNotAJoke                      |     7
 #CORONAVIRUS                           |     7
 #CoronaVirusUpdate                     |     7
 #CoronaWillEndSoon                     |     7
 #dahodcity                             |     7
 #DonaldTrump                           |     7
 #dtvnewsdahod                          |     7
 #election                              |     7
 #HandsFaceSpace                        |     7
 #Happy2021                             |     7
 #healthcare                            |     7
 #lockdown2021                          |     7
 #Moderna                               |     7
 #mumbai                                |     7
 #SocialDistancing                      |     7
 #stayathome                            |     7
 #stayhomestaysafe                      |     7
 #stimulus                              |     7
 #Telangana                             |     7
 #Tier5                                 |     7
 #Wuhan                                 |     7
 #緊急事態宣言                          |     7
 #AstraZeneca                           |     6
 #bachelorlife                          |     6
 #Bitcoin                               |     6
 #blacklivesmatter                      |     6
 #blm                                   |     6
 #BMC                                   |     6
 #Bye2020                               |     6
 #Canada                                |     6
 #canpoli                               |     6
 #capitol                               |     6
 #chinavirus                            |     6
 #CoronavirusVaccine                    |     6
 #Covaxin                               |     6
 #COVID20                               |     6
 #Covishield                            |     6
 #delhi                                 |     6
 #Delhi                                 |     6
 #frontlineworkers                      |     6
 #funny                                 |     6
 #happynewyear                          |     6
 #homeschooling                         |     6
 #january                               |     6
 #LosAngeles                            |     6
 #music                                 |     6
 #NationalLockdown                      |     6
 #nature                                |     6
 #news                                  |     6
 #nfl                                   |     6
 #nhs                                   |     6
 #onpoli                                |     6
 #PfizerVaccine                         |     6
 #photography                           |     6
 #QuarantineLife                        |     6
 #SaveLives                             |     6
 #SriLanka                              |     6
 #Tier4                                 |     6
 #tinhornflats                          |     6
 #tinhornflatsburbank                   |     6
 #Trending                              |     6
 #tuesdayvibe                           |     6
 #vaccinated                            |     6
 #2021goals                             |     5
 #2021year                              |     5
 #america                               |     5
 #Australia                             |     5
 #B117                                  |     5
 #BharatBiotech                         |     5
 #bidenharris2020                       |     5
 #books                                 |     5
 #Boris                                 |     5
 #capitolbuilding                       |     5
 #Chennai                               |     5
 #Children                              |     5
 #Coahuila                              |     5
 #Conservatives                         |     5
 #coronavirusaustralia                  |     5
 #COVID__19                             |     5
 #COVID_19                              |     5
 #covid19ĺockdown                       |     5
 #COVID19Mexico                         |     5
 #COVID19Tamilnadu                      |     5
 #covid19vaccine                        |     5
 #COVID19vaccine                        |     5
 #COVID19Vic                            |     5
 #covidireland                          |     5
 #covidvacccine                         |     5
 #covidvaccine                          |     5
 #Cuarentena                            |     5
 #CuarentenaMexico                      |     5
 #election2020                          |     5
 #fakenews                              |     5
 #family                                |     5
 #HomeSweetHome                         |     5
 #HomeTown                              |     5
 #immunity                              |     5
 #JanAndolan                            |     5
 #january6th                            |     5
 #japan                                 |     5
 #ldnont                                |     5
 #Lebanon                               |     5
 #MadhyaPradesh                         |     5
 #maskup                                |     5
 #memes                                 |     5
 #Mexico                                |     5
 #MidweekGloriousWord                   |     5
 #MilanJuventus                         |     5
 #mondaythoughts                        |     5
 #NarendraModi                          |     5
 #Odisha                                |     5
 #Plague                                |     5
 #poetry                                |     5
 #politicians                           |     5
 #politics                              |     5
 #publichealth                          |     5
 #quarantinelife                        |     5
 #QuarantineMexico                      |     5
 #QuedateEnCasa                         |     5
 #RayonMedia                            |     5
 #reading                               |     5
 #Saltillo                              |     5
 #SaudiArabia                           |     5
 #sedition                              |     5
 #StimulusCheck                         |     5
 #threats                               |     5
 #tier4                                 |     5
 #TrumpCoupAttempt                      |     5
 #tv                                    |     5
 #UAE                                   |     5
 #US                                    |     5
 #Uttarakhand                           |     5
 #Vaccin                                |     5
 #WashingtonDC                          |     5
 #WashYourHands                         |     5
 #07003covidupdate                      |     4
 #2021makeawish                         |     4
 #6gennaio                              |     4
 #actors                                |     4
 #Africa                                |     4
 #America                               |     4
 #Anxiety                               |     4
 #aot136spoilers                        |     4
 #AVisitedGeneration                    |     4
 #backtowork                            |     4
 #Bangladesh                            |     4
 #bctrucking                            |     4
 #beef                                  |     4
 #BlackLivesMatter                      |     4
 #BLACKPINK                             |     4
 #bloomfieldnj                          |     4
 #brexit                                |     4
 #BrexitReality                         |     4
 #canadarecovery                        |     4
 #cancer                                |     4
 #CapitalHill                           |     4
 #children                              |     4
 #china                                 |     4
 #ChinaVirus                            |     4
 #clapforheroes                         |     4
 #climatechange                         |     4
 #CoupAttempt                           |     4
 #Covid19InSA                           |     4
 #covid19SA                             |     4
 #COVID19SL                             |     4
 #covidbusiness                         |     4
 #CovidUK                               |     4
 #COVIDVaccination                      |     4
 #covidvax                              |     4
 #dangote                               |     4
 #dental                                |     4
 #dentist                               |     4
 #donaldtrump                           |     4
 #DowningStreetBriefing                 |     4
 #drinklocal                            |     4
 #education                             |     4
 #filmproduction                        |     4
 #gasen                                 |     4
 #georgia                               |     4
 #Georgia                               |     4
 #giving                                |     4
 #givingtuesday                         |     4
 #GOP                                   |     4
 #Greece                                |     4
 #Greececoronavirus                     |     4
 #Greececovid19                         |     4
 #Greecelockdown                        |     4
 #HerdImmunity                          |     4
 #Hospital                              |     4
 #hospitality                           |     4
 #ICU                                   |     4
 #Kerala                                |     4
 #lagos                                 |     4
 #law                                   |     4
 #Level5                                |     4
 #lifestyle                             |     4
 #MAGA                                  |     4
 #marr                                  |     4
 #memecredi                             |     4
 #Milan                                 |     4
 #mulund                                |     4
 #Mumbai                                |     4
 #Muzaffarpur                           |     4
 #Nagaland                              |     4
 #newbeginnings                         |     4
 #nitrile                               |     4
 #nurses                                |     4
 #NYC                                   |     4
 #NYE2020                               |     4
 #officeviewsofinstagram                |     4
 #Overheating                           |     4
 #OxfordVaccine                         |     4
 #Phoenix                               |     4
 #recovery                              |     4
 #RodPhillips                           |     4
 #rosmello                              |     4
 #science                               |     4
 #Science                               |     4
 #SeasoningWord                         |     4
 #Sheffield                             |     4
 #snowpose                              |     4
 #supportthearts                        |     4
 #Survivor                              |     4
 #Tamil                                 |     4
 #testing                               |     4
 #travelphotography                     |     4
 #TrumpIsANationalDisgrace              |     4
 #University                            |     4
 #vaccincovid19                         |     4
 #viral                                 |     4
 #Wales                                 |     4
 #wearamask                             |     4
 #winter                                |     4
 #yellowjournalism                      |     4
 #كورونا                                |     4
 #트와이스                              |     3
 #정인아_미안해                         |     3
 #12News                                |     3
 #2020Wrapped                           |     3
 #ableg                                 |     3
 #American                              |     3
 #AndhraPradesh                         |     3
 #anklets                               |     3
 #antimasker                            |     3
 #artist                                |     3
 #atlanta                               |     3
 #auspol                                |     3
 #BAEKHYUNBeyondLIVE                    |     3
 #BBC                                   |     3
 #BCCI                                  |     3
 #Begusarai                             |     3
 #BidenHarris2020                       |     3
 #BlessedSundayWord                     |     3
 #Boeing                                |     3
 #Bollywood                             |     3
 #borishasfailedtheuk                   |     3
 #brand                                 |     3
 #breakingnews                          |     3
 #Buffalo                               |     3
 #ByeDon                                |     3
 #CapitolBuilding                       |     3
 #CapitolHill                           |     3
 #cheshire                              |     3
 #Christmas2020                         |     3
 #church                                |     3
 #CobraKai                              |     3
 #comedy                                |     3
 #community                             |     3
 #Community                             |     3
 #Congress                              |     3
 #coronafilmklub                        |     3
 #CoronavirusIndia                      |     3
 #coronaviruspandemic                   |     3
 #covaxin                               |     3
 #COVID19ireland                        |     3
 #COVID19nsw                            |     3
 #COVID19Ontario                        |     3
 #CoWIN                                 |     3
 #Crypto                                |     3
 #cyrilramaphosa                        |     3
 #DCProtests                            |     3
 #Defense                               |     3
 #DEMVOICE1                             |     3
 #desinfeccion                          |     3
 #DoAsISayNotAsIDo                      |     3
 #Dubai                                 |     3
 #DuhamelGate                           |     3
 #EarlyTreatment                        |     3
 #edutwitter                            |     3
 #Election2020                          |     3
 #Epifania                              |     3
 #Essex                                 |     3
 #EU                                    |     3
 #europe                                |     3
 #EuropeanUnion                         |     3
 #exams2021                             |     3
 #FactoryFarming                        |     3
 #facts                                 |     3
 #fashionable                           |     3
 #fashionphotography                    |     3
 #Featured                              |     3
 #fireworks                             |     3
 #follow                                |     3
 #ForceTheVote                          |     3
 #fridaymorning                         |     3
 #fyp                                   |     3
 #gapol                                 |     3
 #Germany                               |     3
 #goldenretriever                       |     3
 #goodvibes                             |     3
 #GOPBetrayedAmerica                    |     3
 #GOPSeditiousTraitors                  |     3
 #GrandCrossoverService                 |     3
 #grandma                               |     3
 #gratitude                             |     3
 #Greececovid19vaccine                  |     3
 #handcrafted                           |     3
 #hashtag                               |     3
 #healthyfood                           |     3
 #hiphop                                |     3
 #HIV                                   |     3
 #hope                                  |     3
 #ImpeachTrumpAgainNOW                  |     3
 #ImpeachTrumpNow                       |     3
 #Indian                                |     3
 #instadaily                            |     3
 #Iran                                  |     3
 #Italien                               |     3
 #italy                                 |     3
 #KeepWorkersSafe                       |     3
 #laugh                                 |     3
 #Leadership                            |     3
 #LeavingCert2021                       |     3
 #maga                                  |     3
 #Maharashtra                           |     3
 #ManCity                               |     3
 #MartinCounty                          |     3
 #masshysteria                          |     3
 #MiamiDolphins                         |     3
 #MondayMotivation                      |     3
 #name                                  |     3
 #NEWS                                  |     3
 #NewsUpdate                            |     3
 #NewWorldOrder                         |     3
 #newyear2021                           |     3
 #NFL                                   |     3
 #NHSisOpen                             |     3
 #NoMasks                               |     3
 #OnePiece1000                          |     3
 #Ontario                               |     3
 #ontpoli                               |     3
 #openrp                                |     3
 #Pakistan                              |     3
 #pakistanredcrescent                   |     3
 #photooftheday                         |     3
 #populism                              |     3
 #ProtectTheNHS                         |     3
 #Pune                                  |     3
 #PutSouthAfricanFirst                  |     3
 #rap                                   |     3
 #raveparty                             |     3
 #researchers                           |     3
 #Scotland                              |     3
 #skyrockdedicace                       |     3
 #SouthAfrica                           |     3
 #staffordshire                         |     3
 #stimuluscheck                         |     3
 #stimuluschecks                        |     3
 #stockphotography                      |     3
 #SuperSpreaderEvent                    |     3
 #Sustainability                        |     3
 #sustainme                             |     3
 #svpol                                 |     3
 #Taiwan                                |     3
 #TankingForTua                         |     3
 #TedCruzKilledaCop                     |     3
 #texas                                 |     3
 #Thailand                              |     3
 #tier5                                 |     3
 #Tokyo                                 |     3
 #Tooting                               |     3
 #ToryIncompetence                      |     3
 #TraitorTrump                          |     3
 #Travel                                |     3
 #trending                              |     3
 #TuaTime                               |     3
 #tuesdaymotivations                    |     3
 #university                            |     3
 #USCapitol                             |     3
 #vegas                                 |     3
 #Vietnam                               |     3
 #vote                                  |     3
 #walking                               |     3
 #weather                               |     3
 #WeShallVaccinate                      |     3
 #woman                                 |     3
 #worklifegypsy                         |     3
 #ZeroCovid                             |     3
 #Zoonotic                              |     3
 #احتیاط_کرونا                          |     3
 #انکل_وزیرتعلیم_سکول_کھولیں            |     3
 #2020PresidentialElection              |     2
 #2020SuckedContest                     |     2
 #2021NewYear                           |     2
 #25thAmendmentNow                      |     2
 #411on420                              |     2
 #5G                                    |     2
 #abadcars                              |     2
 #abuja                                 |     2
 #ACLU                                  |     2
 #AirPollution                          |     2
 #Alcohol                               |     2
 #amen                                  |     2
 #ANC109                                |     2
 #Anime                                 |     2
 #anniegoes                             |     2
 #annieturnquest                        |     2
 #ARhealth                              |     2
 #Arkansas                              |     2
 #ARnews                                |     2
 #ArrestThemAllNow                      |     2
 #Art                                   |     2
 #artistkobejones                       |     2
 #ArtistOnTwitter                       |     2
 #artists                               |     2
 #ArtistsofSEA                          |     2
 #arunabh                               |     2
 #arunabhfam                            |     2
 #arunabh_ly                            |     2
 #arunabhnation                         |     2
 #ATL                                   |     2
 #Aurangabad                            |     2
 #aviation                              |     2
 #Balaji                                |     2
 #BalajiMurugaDoss                      |     2
 #Balham                                |     2
 #Bangkok                               |     2
 #bbc                                   |     2
 #bbcqt                                 |     2
 #bbcyourquestions                      |     2
 #BC                                    |     2
 #BEEF                                  |     2
 #bekind                                |     2
 #Bermuda                               |     2
 #BeStrong                              |     2
 #BethlehemPA                           |     2
 #BidenHarris                           |     2
 #BillsMafia                            |     2
 #BioNTech                              |     2
 #bioweapon                             |     2
 #bitcoin                               |     2
 #BJP                                   |     2
 #BLM                                   |     2
 #blockchain                            |     2
 #blog                                  |     2
 #bodyaches                             |     2
 #BorisHasFailedTheNation               |     2
 #BorisJohnsonMustGo                    |     2
 #BoycottChina                          |     2
 #brain                                 |     2
 #Brazil                                |     2
 #breaking                              |     2
 #bringonthevaccine                     |     2
 #British                               |     2
 #Browns                                |     2
 #bruisedeyes                           |     2
 #BTS_HLA2021                           |     2
 #burninglungs                          |     2
 #ByeByeTrump                           |     2
 #cancersucks                           |     2
 #canonpowershotg                       |     2
 #capitolbreach                         |     2
 #CarabaoCup                            |     2
 #cbd                                   |     2
 #CBD                                   |     2
 #cbdhandsanitizer                      |     2
 #cbdoil                                |     2
 #cbdproducts                           |     2
 #CCP                                   |     2
 #CCPChina                              |     2
 #CDC                                   |     2
 #challenging                           |     2
 #Chengalpattu                          |     2
 #Chhattisgarh                          |     2
 #Chibi                                 |     2
 #Christmas                             |     2
 #chronicpain                           |     2
 #clapforcarers                         |     2
 #CloseBeitbridgeBorder                 |     2
 #CNN                                   |     2
 #coffee                                |     2
 #Coimbatore                            |     2
 #commute                               |     2
 #congress                              |     2
 #Connecticut                           |     2
 #ConsolidatedCommunications            |     2
 #Corid19                               |     2
 #coronabeer                            |     2
 #coronamemes                           |     2
 #coronaupdate                          |     2
 #CoronaVirusSverige                    |     2
 #coronavirustest                       |     2
 #coronavirusvaccine                    |     2
 #CoronaWarriors                        |     2
 #coughing                              |     2
 #country                               |     2
 #COVID19LK                             |     2
 #Covid19SA                             |     2
 #covid19vacccine                       |     2
 #covid19vaccineCyprus                  |     2
 #COVID2019                             |     2
 #Covid21                               |     2
 #CovidFatigue                          |     2
 #covidiots                             |     2
 #covidnsw                              |     2
 #covidtesting                          |     2
 #covidtreatments                       |     2
 #CovidVic                              |     2
 #CowinApp                              |     2
 #crisis                                |     2
 #CT                                    |     2
 #culture                               |     2
 #curbside                              |     2
 #cyril                                 |     2
 #DallasCowboys                         |     2
 #dance                                 |     2
 #danse                                 |     2
 #data                                  |     2
 #DataDump                              |     2
 #DC                                    |     2
 #DefundTheBBC                          |     2
 #Depression                            |     2
 #DGHisham                              |     2
 #dhcc                                  |     2
 #diagnosis                             |     2
 #Discovery                             |     2
 #disinformation                        |     2
 #Doctor                                |     2
 #documentaryphotography                |     2
 #dogs                                  |     2
 #DryJanuary                            |     2
 #DryJanuary2021                        |     2
 #dryrun                                |     2
 #dubai                                 |     2
 #dubaidentist                          |     2
 #dubailife                             |     2
 #dxb                                   |     2
 #economy                               |     2
 #Economy                               |     2
 #ElectionIntegrity                     |     2
 #electrical                            |     2
 #ElectricVehicles                      |     2
 #EndHunger                             |     2
 #england                               |     2
 #EpicFail                              |     2
 #Ethereum                              |     2
 #etsyshop                              |     2
 #Europe                                |     2
 #EuropeanView                          |     2
 #euston                                |     2
 #EveryoneIn2                           |     2
 #extraordinary                         |     2
 #faa                                   |     2
 #facemask                              |     2
 #FactsMatter                           |     2
 #fail                                  |     2
 #families                              |     2
 #familytime                            |     2
 #fascinatingly                         |     2
 #fatigue                               |     2
 #FEMA                                  |     2
 #FinsUp                                |     2
 #firefighters                          |     2
 #fitness                               |     2
 #FitnessGoals                          |     2
 #follobackforfolloback                 |     2
 #food                                  |     2
 #football360                           |     2
 #forsale                               |     2
 #foryoupage                            |     2
 #FoxBusiness                           |     2
 #France                                |     2
 #FreeAssange                           |     2
 #freedom                               |     2
 #FridayFeeling                         |     2
 #FrontLineHeroes                       |     2
 #fun                                   |     2
 #funnymemes                            |     2
 #futureofwork                          |     2
 #GarciaCampbell                        |     2
 #gay                                   |     2
 #Gaza                                  |     2
 #GCSRS                                 |     2
 #GEORGIA                               |     2
 #ghosttown                             |     2
 #GISRS                                 |     2
 #globalpandemic                        |     2
 #God                                   |     2
 #government                            |     2
 #granddaughter                         |     2
 #greenscreen                           |     2
 #Gujarat                               |     2
 #gums                                  |     2
 #gym                                   |     2
 #hadapsar                              |     2
 #HandSanitizer                         |     2
 #happy                                 |     2
 #healthy                               |     2
 #heating                               |     2
 #hemp                                  |     2
 #Hercai                                |     2
 #HHS                                   |     2
 #history                               |     2
 #hive                                  |     2
 #HNY2021                               |     2
 #holistic                              |     2
 #Hope                                  |     2
 #hopeful                               |     2
 #hopelessness                          |     2
 #Hospitals                             |     2
 #HouseOfCommons                        |     2
 #Houston                               |     2
 #hugging                               |     2
 #humanity                              |     2
 #Hypnosis                              |     2
 #Hypnotherapy                          |     2
 #hypocritical                          |     2
 #IAmHerdImmunity                       |     2
 #immigration                           |     2
 #implants                              |     2
 #Independence                          |     2
 #Indians                               |     2
 #influenza                             |     2
 #inspiration                           |     2
 #instagood                             |     2
 #instagram                             |     2
 #Insurrectionists                      |     2
 #InThisTogether                        |     2
 #iom                                   |     2
 #Islington                             |     2
 #Islingtoncouncil                      |     2
 #italydidit                            |     2
 #January                               |     2
 #JasmineBhasin                         |     2
 #Jesus                                 |     2
 #jiminyouareperfect                    |     2
 #jisooday                              |     2
 #Job                                   |     2
 #JohnsonHasFailedTheNation             |     2
 #kaduna                                |     2
 #kano                                  |     2
 #kindness                              |     2
 #KitaJagaKita                          |     2
 #KoryBaker                             |     2
 #la36                                  |     2
 #labourer                              |     2
 #lacounty                              |     2
 #LarryKing                             |     2
 #latestnews                            |     2
 #laughteristhebestmedicine             |     2
 #Leaftopia                             |     2
 #lebanon                               |     2
 #letgirlslearn                         |     2
 #LetsFly                               |     2
 #level5lockdown                        |     2
 #Lewisham                              |     2
 #LGBT                                  |     2
 #life                                  |     2
 #like                                  |     2
 #LKA                                   |     2
 #londonlockdown                        |     2
 #LongCovid                             |     2
 #Love                                  |     2
 #Lupus                                 |     2
 #LymeDisease                           |     2
 #man                                   |     2
 #Manchester                            |     2
 #Manga                                 |     2
 #manhattan                             |     2
 #Manipur                               |     2
 #masks                                 |     2
 #MasksUp                               |     2
 #MaskUpPA                              |     2
 #Master                                |     2
 #MasterFilm                            |     2
 #MasterPongal                          |     2
 #Medical                               |     2
 #medicalcannabis                       |     2
 #medicalmarijuana                      |     2
 #medicalstudy                          |     2
 #medicine                              |     2
 #MedTwitter                            |     2
 #meeting                               |     2
 #mentalhealth                          |     2
 #MentalHealth                          |     2
 #MenWeAreWithYou                       |     2
 #mexico                                |     2
 #Michelin                              |     2
 #michigan                              |     2
 #MiddleEast                            |     2
 #midwest                               |     2
 #mirrorsandslidingglassdoors           |     2
 #MitchMcConnellHatesAmericans          |     2
 #moderna                               |     2
 #Modi                                  |     2
 #money                                 |     2
 #MorningJoe                            |     2
 #mother                                |     2
 #motivation                            |     2
 #mriglesias                            |     2
 #murdering                             |     2
 #mutant                                |     2
 #mutated                               |     2
 #mydubai                               |     2
 #mysterydoug                           |     2
 #mysteryscience                        |     2
 #mystyle                               |     2
 #MySuperG                              |     2
 #Nalanda                               |     2
 #natural                               |     2
 #nausea                                |     2
 #netflix                               |     2
 #News                                  |     2
 #NEWSMAXTV                             |     2
 #Newsnight                             |     2
 #newstrain                             |     2
 #NewStrainOfCoronavirus                |     2
 #newvariant                            |     2
 #newyear                               |     2
 #NewYearsDay                           |     2
 #newyearseve                           |     2
 #NewYearsEve                           |     2
 #NewYearWithPLT                        |     2
 #NewZealand                            |     2
 #NHSheroes                             |     2
 #NOISundays                            |     2
 #nudes                                 |     2
 #NurseTwitter                          |     2
 #NWAnews                               |     2
 #NWArk                                 |     2
 #nyc                                   |     2
 #onlyfans                              |     2
 #OOH                                   |     2
 #Oregon                                |     2
 #ox                                    |     2
 #Oxford                                |     2
 #oxfordastrazeneca                     |     2
 #ÖzlemTüreci                           |     2
 #𝐏𝐚𝐤𝐢𝐬𝐭𝐚𝐧                              |     2
 #PakistanArmy                          |     2
 #PakvsNz                               |     2
 #pandemiclife                          |     2
 #Pandemics                             |     2
 #Pandemie                              |     2
 #panggilanhotel                        |     2
 #partyLife                             |     2
 #partytime                             |     2
 #patients                              |     2
 #pcr                                   |     2
 #PCR                                   |     2
 #PerfectPlanet                         |     2
 #periodontist                          |     2
 #periodontology                        |     2
 #Periscope                             |     2
 #PfizerBioNTech                        |     2
 #phone                                 |     2
 #photographer                          |     2
 #photojournalism                       |     2
 #PMModi                                |     2
 #poemsfromquarantine                   |     2
 #poet                                  |     2
 #Politics                              |     2
 #PoliticsOverEverything                |     2
 #pop                                   |     2
 #PowerBookII                           |     2
 #PowerGhost                            |     2
 #PPE                                   |     2
 #PPP                                   |     2
 #pray                                  |     2
 #prayer                                |     2
 #President                             |     2
 #presidenttrump                        |     2
 #pressconference                       |     2
 #Property                              |     2
 #prostatecancerawareness               |     2
 #PublicHealth                          |     2
 #pullup                                |     2
 #Quebec                                |     2
 #quoteoftheday                         |     2
 #quotes                                |     2
 #racism                                |     2
 #railway                               |     2
 #RatatouilleMusical                    |     2
 #Relaxation                            |     2
 #RemoveTrumpTODAY                      |     2
 #Repost                                |     2
 #republicans                           |     2
 #Resolutions                           |     2
 #restaurants                           |     2
 #retail                                |     2
 #RIP                                   |     2
 #ripdream                              |     2
 #RIPdream                              |     2
 #Road2Recovery                         |     2
 #RT                                    |     2
 #rules                                 |     2
 #safety                                |     2
 #SAGE                                  |     2
 #SanAntonio                            |     2
 #Saran                                 |     2
 #SARS_CoV_2                            |     2
 #Satan                                 |     2
 #SBA                                   |     2
 #schools                               |     2
 #scientists                            |     2
 #scotland                              |     2
 #sexeducation                          |     2
 #sffd                                  |     2
 #Shafqatmehmood                        |     2
 #shoplocal                             |     2
 #shortstory                            |     2
 #shotoniphone                          |     2
 #sketch                                |     2
 #SlowTheSpread                         |     2
 #SmallBusiness                         |     2
 #Spain                                 |     2
 #SpeakerPelosi                         |     2
 #spikingtemps                          |     2
 #SRINAGAR                              |     2
 #StateofEmergency                      |     2
(1000 rows)

